<?xml version="1.0" encoding="UTF-8"?>
<!-- Generated by org.testng.reporters.JUnitReportReporter -->
<testsuite skipped="0" hostname="PFC" name="com.qa.testCases.LoginPageTest" tests="3" failures="0" timestamp="05 Jan 2019 18:07:20 GMT" time="127.117" errors="0">
  <testcase name="loginPageTitleTest" time="31.638" classname="com.qa.testCases.LoginPageTest"/>
  <testcase name="verifyIncorrectUserId" time="25.541" classname="com.qa.testCases.LoginPageTest"/>
  <testcase name="loginTest" time="69.938" classname="com.qa.testCases.LoginPageTest"/>
</testsuite> <!-- com.qa.testCases.LoginPageTest -->
