<?xml version="1.0" encoding="UTF-8"?>
<!-- Generated by org.testng.reporters.JUnitReportReporter -->
<testsuite skipped="0" hostname="PFC" name="com.qa.testCases.LoginPageTest" tests="2" failures="0" timestamp="29 Dec 2018 18:09:25 GMT" time="52.030" errors="0">
  <testcase name="loginPageTitleTest" time="26.299" classname="com.qa.testCases.LoginPageTest"/>
  <testcase name="loginTest" time="25.731" classname="com.qa.testCases.LoginPageTest"/>
</testsuite> <!-- com.qa.testCases.LoginPageTest -->
